0 info it worked if it ends with ok
1 verbose cli [ '/home/m/.nvm/versions/node/v6.2.0/bin/node',
1 verbose cli   '/home/m/.nvm/versions/node/v6.2.0/bin/npm',
1 verbose cli   'publish',
1 verbose cli   '--access=public' ]
2 info using npm@3.8.9
3 info using node@v6.2.0
4 verbose publish [ '.' ]
5 silly cache add args [ '.', null ]
6 verbose cache add spec .
7 silly cache add parsed spec Result {
7 silly cache add   raw: '.',
7 silly cache add   scope: null,
7 silly cache add   name: null,
7 silly cache add   rawSpec: '.',
7 silly cache add   spec: '/home/m/Documents/zubry/javascript/misc/position',
7 silly cache add   type: 'directory' }
8 verbose addLocalDirectory /home/m/.npm/@zubry/position/1.1.3/package.tgz not in flight; packing
9 verbose correctMkdir /home/m/.npm correctMkdir not in flight; initializing
10 info lifecycle @zubry/position@1.1.3~prepublish: @zubry/position@1.1.3
11 silly lifecycle @zubry/position@1.1.3~prepublish: no script for prepublish, continuing
12 verbose tar pack [ '/home/m/.npm/@zubry/position/1.1.3/package.tgz',
12 verbose tar pack   '/home/m/Documents/zubry/javascript/misc/position' ]
13 verbose tarball /home/m/.npm/@zubry/position/1.1.3/package.tgz
14 verbose folder /home/m/Documents/zubry/javascript/misc/position
15 verbose addLocalTarball adding from inside cache /home/m/.npm/@zubry/position/1.1.3/package.tgz
16 verbose correctMkdir /home/m/.npm correctMkdir not in flight; initializing
17 silly cache afterAdd @zubry/position@1.1.3
18 verbose afterAdd /home/m/.npm/@zubry/position/1.1.3/package/package.json not in flight; writing
19 verbose correctMkdir /home/m/.npm correctMkdir not in flight; initializing
20 verbose afterAdd /home/m/.npm/@zubry/position/1.1.3/package/package.json written
21 silly publish { name: '@zubry/position',
21 silly publish   version: '1.1.3',
21 silly publish   description: 'Position module',
21 silly publish   main: 'lib/index.js',
21 silly publish   scripts:
21 silly publish    { test: 'mocha --compilers js:babel-register',
21 silly publish      build: 'babel src -d lib/',
21 silly publish      lint: 'eslint src/',
21 silly publish      start: 'node lib/index.js' },
21 silly publish   author: { name: 'Zubry', email: 'zubryjs@gmail.com' },
21 silly publish   license: 'ISC',
21 silly publish   devDependencies:
21 silly publish    { 'babel-cli': '^6.7.7',
21 silly publish      'babel-polyfill': '^6.7.4',
21 silly publish      'babel-preset-es2015': '^6.6.0',
21 silly publish      'babel-register': '^6.7.2',
21 silly publish      chai: '^3.5.0',
21 silly publish      eslint: '^2.8.0',
21 silly publish      'eslint-config-airbnb': '^8.0.0',
21 silly publish      'eslint-plugin-import': '^1.5.0',
21 silly publish      'eslint-plugin-jsx-a11y': '^1.0.2',
21 silly publish      'eslint-plugin-react': '^5.0.1',
21 silly publish      mocha: '^2.4.5',
21 silly publish      should: '^8.4.0' },
21 silly publish   dependencies: { '@zubry/complexnumber': '^1.0.0', immutable: '^3.8.1' },
21 silly publish   repository:
21 silly publish    { type: 'git',
21 silly publish      url: 'git+https://github.com/Zubry/Position.git' },
21 silly publish   bugs: { url: 'https://github.com/Zubry/Position/issues' },
21 silly publish   gitHead: '157788ce24afaa9b9ea6d73f02c92057565704b8',
21 silly publish   readme: 'ERROR: No README data found!',
21 silly publish   homepage: 'https://github.com/Zubry/Position#readme',
21 silly publish   _id: '@zubry/position@1.1.3',
21 silly publish   _shasum: 'bcbde92a69a038258728a8a92a93a088f590bedd',
21 silly publish   _from: '.' }
22 verbose getPublishConfig undefined
23 silly mapToRegistry name @zubry/position
24 silly mapToRegistry scope (from package name) @zubry
25 verbose mapToRegistry no registry URL found in name for scope @zubry
26 silly mapToRegistry using default registry
27 silly mapToRegistry registry https://registry.npmjs.org/
28 silly mapToRegistry data Result {
28 silly mapToRegistry   raw: '@zubry/position',
28 silly mapToRegistry   scope: '@zubry',
28 silly mapToRegistry   name: '@zubry/position',
28 silly mapToRegistry   rawSpec: '',
28 silly mapToRegistry   spec: 'latest',
28 silly mapToRegistry   type: 'tag' }
29 silly mapToRegistry uri https://registry.npmjs.org/@zubry%2fposition
30 verbose publish registryBase https://registry.npmjs.org/
31 silly publish uploading /home/m/.npm/@zubry/position/1.1.3/package.tgz
32 verbose request uri https://registry.npmjs.org/@zubry%2fposition
33 verbose request sending authorization for write operation
34 info attempt registry request try #1 at 6:51:35 PM
35 verbose request using bearer token for auth
36 verbose request id ed216ba87e30aee0
37 http request PUT https://registry.npmjs.org/@zubry%2fposition
38 http 404 https://registry.npmjs.org/@zubry%2fposition
39 verbose headers { 'content-type': 'application/json',
39 verbose headers   'cache-control': 'max-age=0',
39 verbose headers   'content-length': '21',
39 verbose headers   'accept-ranges': 'bytes',
39 verbose headers   date: 'Fri, 27 May 2016 22:51:35 GMT',
39 verbose headers   via: '1.1 varnish',
39 verbose headers   connection: 'keep-alive',
39 verbose headers   'x-served-by': 'cache-jfk1051-JFK',
39 verbose headers   'x-cache': 'MISS',
39 verbose headers   'x-cache-hits': '0',
39 verbose headers   'x-timer': 'S1464389495.342904,VS0,VE270' }
40 verbose request invalidating /home/m/.npm/registry.npmjs.org/_40zubry_252fposition on PUT
41 error publish Failed PUT 404
42 verbose stack Error: Not found : @zubry/position
42 verbose stack     at makeError (/home/m/.nvm/versions/node/v6.2.0/lib/node_modules/npm/node_modules/npm-registry-client/lib/request.js:264:12)
42 verbose stack     at CachingRegistryClient.<anonymous> (/home/m/.nvm/versions/node/v6.2.0/lib/node_modules/npm/node_modules/npm-registry-client/lib/request.js:252:14)
42 verbose stack     at Request._callback (/home/m/.nvm/versions/node/v6.2.0/lib/node_modules/npm/node_modules/npm-registry-client/lib/request.js:172:14)
42 verbose stack     at Request.self.callback (/home/m/.nvm/versions/node/v6.2.0/lib/node_modules/npm/node_modules/request/request.js:200:22)
42 verbose stack     at emitTwo (events.js:106:13)
42 verbose stack     at Request.emit (events.js:191:7)
42 verbose stack     at Request.<anonymous> (/home/m/.nvm/versions/node/v6.2.0/lib/node_modules/npm/node_modules/request/request.js:1067:10)
42 verbose stack     at emitOne (events.js:101:20)
42 verbose stack     at Request.emit (events.js:188:7)
42 verbose stack     at IncomingMessage.<anonymous> (/home/m/.nvm/versions/node/v6.2.0/lib/node_modules/npm/node_modules/request/request.js:988:12)
43 verbose statusCode 404
44 verbose pkgid @zubry/position
45 verbose cwd /home/m/Documents/zubry/javascript/misc/position
46 error Linux 3.16.0-71-generic
47 error argv "/home/m/.nvm/versions/node/v6.2.0/bin/node" "/home/m/.nvm/versions/node/v6.2.0/bin/npm" "publish" "--access=public"
48 error node v6.2.0
49 error npm  v3.8.9
50 error code E404
51 error 404 Not found : @zubry/position
52 error 404
53 error 404 '@zubry/position' is not in the npm registry.
54 error 404 You should bug the author to publish it (or use the name yourself!)
55 error 404 Note that you can also install from a
56 error 404 tarball, folder, http url, or git url.
57 verbose exit [ 1, true ]
